<?xml version="1.0" encoding="UTF-8"?>
<!-- Generated by org.testng.reporters.JUnitReportReporter -->
<testsuite skipped="0" hostname="Vineet-PC" name="parallelExecution.MultipleBrowser.NewTest" tests="1" failures="0" timestamp="10 Dec 2018 07:14:28 GMT" time="35.271" errors="0">
  <testcase name="testBMS" time="35.271" classname="parallelExecution.MultipleBrowser.NewTest"/>
</testsuite> <!-- parallelExecution.MultipleBrowser.NewTest -->
